<?xml version="1.0" encoding="utf-8"?><testsuites name="pytest tests"><testsuite name="pytest" errors="0" failures="0" skipped="0" tests="9" time="4.326" timestamp="2026-08-26T15:10:29.084916+00:00" hostname="agent-env-61168001-9284-4208-8839-56b318f0aa1e"><testcase classname="tests.test_consulting" name="test_admin_config_and_price" time="0.654" /><testcase classname="tests.test_consulting" name="test_admin_has_paid_credit" time="0.104" /><testcase classname="tests.test_consulting" name="test_new_student_has_no_credits" time="0.477" /><testcase classname="tests.test_consulting" name="test_pending_count_endpoint_increments_and_decrements" time="0.746" /><testcase classname="tests.test_consulting" name="test_slot_locking_regression" time="0.559" /><testcase classname="tests.test_consulting" name="test_admin_approve_no_error_and_email_template_exists" time="0.556" /><testcase classname="tests.test_consulting" name="test_admin_propose_sets_rescheduled" time="0.567" /><testcase classname="tests.test_consulting" name="test_purchase_returns_503_when_paytr_missing" time="0.092" /><testcase classname="tests.test_consulting" name="test_email_templates_exist_via_admin" time="0.169" /></testsuite></testsuites>