<?xml version="1.0" encoding="utf-8"?><testsuites name="pytest tests"><testsuite name="pytest" errors="0" failures="0" skipped="0" tests="8" time="3.689" timestamp="2026-08-26T14:54:57.234146+00:00" hostname="agent-env-61168001-9284-4208-8839-56b318f0aa1e"><testcase classname="tests.test_consulting" name="test_admin_get_and_set_config" time="0.792" /><testcase classname="tests.test_consulting" name="test_admin_has_paid_credit" time="0.076" /><testcase classname="tests.test_consulting" name="test_new_student_has_no_credits" time="0.531" /><testcase classname="tests.test_consulting" name="test_slots_generated_for_monday_wednesday" time="0.088" /><testcase classname="tests.test_consulting" name="test_no_credit_student_cannot_book" time="0.167" /><testcase classname="tests.test_consulting" name="test_admin_book_removes_slot_and_consumes_credit_and_blocks_rebook" time="0.693" /><testcase classname="tests.test_consulting" name="test_admin_propose_and_student_flow" time="0.565" /><testcase classname="tests.test_consulting" name="test_purchase_flow_grants_credit" time="0.449" /></testsuite></testsuites>