<?xml version="1.0" encoding="utf-8"?><testsuites name="pytest tests"><testsuite name="pytest" errors="0" failures="0" skipped="0" tests="13" time="6.648" timestamp="2026-08-31T15:03:09.081591+00:00" hostname="agent-env-61168001-9284-4208-8839-56b318f0aa1e"><testcase classname="tests.test_group_trainings" name="test_list_group_trainings_public" time="0.555" /><testcase classname="tests.test_group_trainings" name="test_get_group_detail_seed" time="0.172" /><testcase classname="tests.test_group_trainings" name="test_get_group_detail_404" time="0.340" /><testcase classname="tests.test_group_trainings" name="test_admin_crud_and_capacity_urgency" time="1.269" /><testcase classname="tests.test_group_trainings" name="test_admin_students_endpoint" time="0.178" /><testcase classname="tests.test_group_trainings" name="test_admin_get_reveals_meet_links" time="0.089" /><testcase classname="tests.test_group_trainings" name="test_purchase_returns_503_paytr_unconfigured" time="0.934" /><testcase classname="tests.test_group_trainings" name="test_purchase_unauth_returns_401" time="0.371" /><testcase classname="tests.test_group_trainings" name="test_capacity_enforcement_full" time="0.918" /><testcase classname="tests.test_group_trainings" name="test_cron_no_auth_returns_401" time="0.138" /><testcase classname="tests.test_group_trainings" name="test_cron_with_bearer_returns_2xx" time="0.162" /><testcase classname="tests.test_group_trainings" name="test_my_group_trainings_empty" time="0.074" /><testcase classname="tests.test_group_trainings" name="test_my_group_trainings_with_enrollment_shows_meet_links" time="0.671" /></testsuite></testsuites>