<?xml version="1.0" encoding="utf-8"?><testsuites name="pytest tests"><testsuite name="pytest" errors="0" failures="0" skipped="0" tests="4" time="1.869" timestamp="2026-08-26T13:37:33.938606+00:00" hostname="agent-env-61168001-9284-4208-8839-56b318f0aa1e"><testcase classname="tests.test_instructors" name="test_public_list_instructors" time="0.272" /><testcase classname="tests.test_instructors" name="test_public_instructor_detail" time="0.225" /><testcase classname="tests.test_instructors" name="test_course_summary_includes_instructor" time="0.201" /><testcase classname="tests.test_instructors" name="test_admin_instructor_crud" time="0.788" /></testsuite></testsuites>