<?xml version="1.0" encoding="utf-8"?><testsuites name="pytest tests"><testsuite name="pytest" errors="0" failures="0" skipped="0" tests="3" time="5.490" timestamp="2026-08-31T16:25:09.935371+00:00" hostname="agent-env-61168001-9284-4208-8839-56b318f0aa1e"><testcase classname="tests.test_iteration14" name="test_mark_paid_group_and_consulting_do_not_grant_consulting_credit" time="1.807" /><testcase classname="tests.test_iteration14" name="test_admin_set_meet_link_requires_approved" time="1.672" /><testcase classname="tests.test_iteration14" name="test_reschedule_accept_flow_sets_approved_and_date" time="1.410" /></testsuite></testsuites>