<?xml version="1.0" encoding="utf-8"?><testsuites name="pytest tests"><testsuite name="pytest" errors="0" failures="0" skipped="0" tests="4" time="2.722" timestamp="2026-08-26T14:01:38.613947+00:00" hostname="agent-env-61168001-9284-4208-8839-56b318f0aa1e"><testcase classname="tests.test_paid_amount_and_player" name="test_admin_my_courses_meta_paid_amount" time="0.632" /><testcase classname="tests.test_paid_amount_and_player" name="test_free_enrollment_paid_amount_zero" time="0.815" /><testcase classname="tests.test_paid_amount_and_player" name="test_player_forbidden_for_non_enrolled" time="0.719" /><testcase classname="tests.test_paid_amount_and_player" name="test_admin_meta_player_accessible" time="0.214" /></testsuite></testsuites>