<?xml version="1.0" encoding="utf-8"?><testsuites name="pytest tests"><testsuite name="pytest" errors="0" failures="0" skipped="0" tests="16" time="6.847" timestamp="2026-08-11T15:40:27.562752+00:00" hostname="agent-env-61168001-9284-4208-8839-56b318f0aa1e"><testcase classname="tests.test_iteration2.TestValidateDiscountDetail" name="test_percent_returns_label_type_value" time="1.630" /><testcase classname="tests.test_iteration2.TestValidateDiscountDetail" name="test_fixed_amount_label" time="0.185" /><testcase classname="tests.test_iteration2.TestProfileAndPassword" name="test_update_profile" time="0.159" /><testcase classname="tests.test_iteration2.TestProfileAndPassword" name="test_profile_email_conflict" time="0.076" /><testcase classname="tests.test_iteration2.TestProfileAndPassword" name="test_change_password_wrong_current" time="0.301" /><testcase classname="tests.test_iteration2.TestProfileAndPassword" name="test_change_password_success" time="0.925" /><testcase classname="tests.test_iteration2.TestProfileAndPassword" name="test_change_password_too_short" time="0.297" /><testcase classname="tests.test_iteration2.TestRecommendations" name="test_recommendations_returns_list_with_bundle" time="0.636" /><testcase classname="tests.test_iteration2.TestInvoiceFlow" name="test_invoice_upload_and_download" time="0.763" /><testcase classname="tests.test_iteration2.TestInvoiceFlow" name="test_invoice_download_forbidden_other_user" time="0.076" /><testcase classname="tests.test_iteration2.TestAdminStatsCharts" name="test_stats_charts_fields" time="0.055" /><testcase classname="tests.test_iteration2.TestAdminExtendedSettings" name="test_update_tracking" time="0.112" /><testcase classname="tests.test_iteration2.TestAdminExtendedSettings" name="test_update_testimonials" time="0.102" /><testcase classname="tests.test_iteration2.TestAdminExtendedSettings" name="test_update_campaign_bundle_and_whatsapp" time="0.430" /><testcase classname="tests.test_iteration2.TestCourseEditorNotesAndCrossSell" name="test_notes_and_cross_sell_persist_and_expose_in_player" time="0.756" /><testcase classname="tests.test_iteration2.TestPreviewLessonExposesVideo" name="test_preview_lesson_video_url_visible_to_public" time="0.239" /></testsuite></testsuites>