<?xml version="1.0" encoding="utf-8"?><testsuites name="pytest tests"><testsuite name="pytest" errors="0" failures="0" skipped="0" tests="26" time="6.741" timestamp="2026-08-11T15:09:01.696751+00:00" hostname="agent-env-61168001-9284-4208-8839-56b318f0aa1e"><testcase classname="tests.backend_test.TestHealth" name="test_root" time="0.634" /><testcase classname="tests.backend_test.TestHealth" name="test_public_settings" time="0.154" /><testcase classname="tests.backend_test.TestAuth" name="test_register_requires_terms" time="0.154" /><testcase classname="tests.backend_test.TestAuth" name="test_register_success_and_me" time="0.593" /><testcase classname="tests.backend_test.TestAuth" name="test_login_bad_credentials" time="0.382" /><testcase classname="tests.backend_test.TestAuth" name="test_admin_login" time="0.067" /><testcase classname="tests.backend_test.TestAuth" name="test_me_unauth" time="0.135" /><testcase classname="tests.backend_test.TestCoursesPublic" name="test_list_courses" time="0.116" /><testcase classname="tests.backend_test.TestCoursesPublic" name="test_course_detail_hides_video" time="0.265" /><testcase classname="tests.backend_test.TestAdmin" name="test_stats" time="0.069" /><testcase classname="tests.backend_test.TestAdmin" name="test_course_crud" time="0.361" /><testcase classname="tests.backend_test.TestAdmin" name="test_discount_crud_and_toggle" time="0.205" /><testcase classname="tests.backend_test.TestAdmin" name="test_get_settings_no_leak" time="0.071" /><testcase classname="tests.backend_test.TestAdmin" name="test_update_general_settings" time="0.263" /><testcase classname="tests.backend_test.TestAdmin" name="test_paytr_configured_flag_and_no_leak" time="0.209" /><testcase classname="tests.backend_test.TestAdmin" name="test_email_templates" time="0.131" /><testcase classname="tests.backend_test.TestAdmin" name="test_students_list" time="0.496" /><testcase classname="tests.backend_test.TestAdmin" name="test_admin_forbidden_for_student" time="0.065" /><testcase classname="tests.backend_test.TestAdmin" name="test_payments_list" time="0.086" /><testcase classname="tests.backend_test.TestCheckoutAndProgress" name="test_paid_checkout_returns_503_when_paytr_not_configured" time="0.248" /><testcase classname="tests.backend_test.TestCheckoutAndProgress" name="test_validate_discount_invalid" time="0.063" /><testcase classname="tests.backend_test.TestCheckoutAndProgress" name="test_free_checkout_via_100_percent_discount_and_certificate_issuance" time="0.946" /><testcase classname="tests.backend_test.TestCheckoutAndProgress" name="test_duplicate_enroll_blocked" time="0.337" /><testcase classname="tests.backend_test.TestCheckoutAndProgress" name="test_manual_enroll_and_unenroll" time="0.338" /><testcase classname="tests.backend_test.TestProtected" name="test_my_courses_unauth" time="0.146" /><testcase classname="tests.backend_test.TestProtected" name="test_checkout_unauth" time="0.115" /></testsuite></testsuites>