<?xml version="1.0" encoding="utf-8"?><testsuites name="pytest tests"><testsuite name="pytest" errors="0" failures="0" skipped="0" tests="3" time="2.031" timestamp="2026-08-11T16:14:57.635012+00:00" hostname="agent-env-61168001-9284-4208-8839-56b318f0aa1e"><testcase classname="tests.test_iteration3.TestTransferDiscountSettings" name="test_general_update_without_pct_does_not_reset" time="0.830" /><testcase classname="tests.test_iteration3.TestTransferDiscountSettings" name="test_set_pct_5_persists_and_public" time="0.511" /><testcase classname="tests.test_iteration3.TestGuestTransferCheckout" name="test_guest_transfer_checkout_applies_2pct" time="0.643" /></testsuite></testsuites>