<?xml version="1.0" encoding="utf-8"?><testsuites name="pytest tests"><testsuite name="pytest" errors="0" failures="0" skipped="0" tests="42" time="12.090" timestamp="2026-08-11T15:40:39.239082+00:00" hostname="agent-env-61168001-9284-4208-8839-56b318f0aa1e"><testcase classname="tests.backend_test.TestHealth" name="test_root" time="0.589" /><testcase classname="tests.backend_test.TestHealth" name="test_public_settings" time="0.121" /><testcase classname="tests.backend_test.TestAuth" name="test_register_requires_terms" time="0.128" /><testcase classname="tests.backend_test.TestAuth" name="test_register_success_and_me" time="0.514" /><testcase classname="tests.backend_test.TestAuth" name="test_login_bad_credentials" time="0.356" /><testcase classname="tests.backend_test.TestAuth" name="test_admin_login" time="0.072" /><testcase classname="tests.backend_test.TestAuth" name="test_me_unauth" time="0.151" /><testcase classname="tests.backend_test.TestCoursesPublic" name="test_list_courses" time="0.135" /><testcase classname="tests.backend_test.TestCoursesPublic" name="test_course_detail_hides_video" time="0.278" /><testcase classname="tests.backend_test.TestAdmin" name="test_stats" time="0.077" /><testcase classname="tests.backend_test.TestAdmin" name="test_course_crud" time="0.344" /><testcase classname="tests.backend_test.TestAdmin" name="test_discount_crud_and_toggle" time="0.206" /><testcase classname="tests.backend_test.TestAdmin" name="test_get_settings_no_leak" time="0.070" /><testcase classname="tests.backend_test.TestAdmin" name="test_update_general_settings" time="0.258" /><testcase classname="tests.backend_test.TestAdmin" name="test_paytr_configured_flag_and_no_leak" time="0.212" /><testcase classname="tests.backend_test.TestAdmin" name="test_email_templates" time="0.140" /><testcase classname="tests.backend_test.TestAdmin" name="test_students_list" time="0.431" /><testcase classname="tests.backend_test.TestAdmin" name="test_admin_forbidden_for_student" time="0.065" /><testcase classname="tests.backend_test.TestAdmin" name="test_payments_list" time="0.074" /><testcase classname="tests.backend_test.TestCheckoutAndProgress" name="test_paid_checkout_returns_503_when_paytr_not_configured" time="0.290" /><testcase classname="tests.backend_test.TestCheckoutAndProgress" name="test_validate_discount_invalid" time="0.067" /><testcase classname="tests.backend_test.TestCheckoutAndProgress" name="test_free_checkout_via_100_percent_discount_and_certificate_issuance" time="0.832" /><testcase classname="tests.backend_test.TestCheckoutAndProgress" name="test_duplicate_enroll_blocked" time="0.282" /><testcase classname="tests.backend_test.TestCheckoutAndProgress" name="test_manual_enroll_and_unenroll" time="0.394" /><testcase classname="tests.backend_test.TestProtected" name="test_my_courses_unauth" time="0.151" /><testcase classname="tests.backend_test.TestProtected" name="test_checkout_unauth" time="0.102" /><testcase classname="tests.test_iteration2.TestValidateDiscountDetail" name="test_percent_returns_label_type_value" time="0.918" /><testcase classname="tests.test_iteration2.TestValidateDiscountDetail" name="test_fixed_amount_label" time="0.190" /><testcase classname="tests.test_iteration2.TestProfileAndPassword" name="test_update_profile" time="0.126" /><testcase classname="tests.test_iteration2.TestProfileAndPassword" name="test_profile_email_conflict" time="0.063" /><testcase classname="tests.test_iteration2.TestProfileAndPassword" name="test_change_password_wrong_current" time="0.296" /><testcase classname="tests.test_iteration2.TestProfileAndPassword" name="test_change_password_success" time="0.854" /><testcase classname="tests.test_iteration2.TestProfileAndPassword" name="test_change_password_too_short" time="0.292" /><testcase classname="tests.test_iteration2.TestRecommendations" name="test_recommendations_returns_list_with_bundle" time="0.504" /><testcase classname="tests.test_iteration2.TestInvoiceFlow" name="test_invoice_upload_and_download" time="0.699" /><testcase classname="tests.test_iteration2.TestInvoiceFlow" name="test_invoice_download_forbidden_other_user" time="0.060" /><testcase classname="tests.test_iteration2.TestAdminStatsCharts" name="test_stats_charts_fields" time="0.067" /><testcase classname="tests.test_iteration2.TestAdminExtendedSettings" name="test_update_tracking" time="0.125" /><testcase classname="tests.test_iteration2.TestAdminExtendedSettings" name="test_update_testimonials" time="0.122" /><testcase classname="tests.test_iteration2.TestAdminExtendedSettings" name="test_update_campaign_bundle_and_whatsapp" time="0.381" /><testcase classname="tests.test_iteration2.TestCourseEditorNotesAndCrossSell" name="test_notes_and_cross_sell_persist_and_expose_in_player" time="0.680" /><testcase classname="tests.test_iteration2.TestPreviewLessonExposesVideo" name="test_preview_lesson_video_url_visible_to_public" time="0.300" /></testsuite></testsuites>