<?xml version="1.0" encoding="utf-8"?><testsuites name="pytest tests"><testsuite name="pytest" errors="0" failures="0" skipped="0" tests="5" time="1.901" timestamp="2026-08-11T23:59:55.597394+00:00" hostname="agent-env-61168001-9284-4208-8839-56b318f0aa1e"><testcase classname="tests.test_iteration4.TestImageUpload" name="test_upload_png_and_fetch" time="0.588" /><testcase classname="tests.test_iteration4.TestImageUpload" name="test_upload_rejects_non_image" time="0.048" /><testcase classname="tests.test_iteration4.TestImageUpload" name="test_upload_requires_admin" time="0.104" /><testcase classname="tests.test_iteration4.TestGuestTransferWithBilling" name="test_checkout_with_city_district" time="0.520" /><testcase classname="tests.test_iteration4.TestGuestTransferWithBilling" name="test_checkout_corporate_billing" time="0.495" /></testsuite></testsuites>