<?xml version="1.0" encoding="utf-8"?><testsuites name="pytest tests"><testsuite name="pytest" errors="0" failures="0" skipped="0" tests="4" time="1.657" timestamp="2026-08-26T14:18:02.321481+00:00" hostname="agent-env-61168001-9284-4208-8839-56b318f0aa1e"><testcase classname="tests.test_vimeo_migration" name="test_player_returns_vimeo_for_enrolled" time="0.504" /><testcase classname="tests.test_vimeo_migration" name="test_player_403_for_non_enrolled" time="0.406" /><testcase classname="tests.test_vimeo_migration" name="test_content_hero_video_is_vimeo" time="0.157" /><testcase classname="tests.test_vimeo_migration" name="test_public_course_preview_lessons_no_youtube" time="0.246" /></testsuite></testsuites>